<?xml version="1.0" encoding="UTF-8"?>
<!-- Generated by org.testng.reporters.JUnitReportReporter -->
<testsuite hostname="DESKTOP-1819MVE" failures="0" tests="15" name="testscript.Stage_web_aurofit_MAINPAGE" time="79.500" errors="2" timestamp="2021-04-28T11:05:28 IST" skipped="13">
  <testcase classname="testscript.Stage_web_aurofit_MAINPAGE" name="clOse" time="0.002">
    <error message="Cannot invoke &quot;com.aventstack.extentreports.ExtentTest.assignAuthor(String[])&quot; because &quot;generic.Precondition.test&quot; is null" type="java.lang.NullPointerException">
      <![CDATA[java.lang.NullPointerException: Cannot invoke "com.aventstack.extentreports.ExtentTest.assignAuthor(String[])" because "generic.Precondition.test" is null
at generic.Precondition.clOse(Precondition.java:199)
at java.base/jdk.internal.reflect.NativeMethodAccessorImpl.invoke0(Native Method)
at java.base/jdk.internal.reflect.NativeMethodAccessorImpl.invoke(NativeMethodAccessorImpl.java:64)
at java.base/jdk.internal.reflect.DelegatingMethodAccessorImpl.invoke(DelegatingMethodAccessorImpl.java:43)
at java.base/java.lang.reflect.Method.invoke(Method.java:564)
at org.testng.internal.MethodInvocationHelper.invokeMethod(MethodInvocationHelper.java:132)
at org.testng.internal.MethodInvocationHelper.invokeMethodConsideringTimeout(MethodInvocationHelper.java:61)
at org.testng.internal.ConfigInvoker.invokeConfigurationMethod(ConfigInvoker.java:366)
at org.testng.internal.ConfigInvoker.invokeConfigurations(ConfigInvoker.java:320)
at org.testng.SuiteRunner.privateRun(SuiteRunner.java:351)
at org.testng.SuiteRunner.run(SuiteRunner.java:286)
at org.testng.SuiteRunnerWorker.runSuite(SuiteRunnerWorker.java:53)
at org.testng.SuiteRunnerWorker.run(SuiteRunnerWorker.java:96)
at org.testng.TestNG.runSuitesSequentially(TestNG.java:1218)
at org.testng.TestNG.runSuitesLocally(TestNG.java:1140)
at org.testng.TestNG.runSuites(TestNG.java:1069)
at org.testng.TestNG.run(TestNG.java:1037)
at org.testng.remote.AbstractRemoteTestNG.run(AbstractRemoteTestNG.java:115)
at org.testng.remote.RemoteTestNG.initAndRun(RemoteTestNG.java:251)
at org.testng.remote.RemoteTestNG.main(RemoteTestNG.java:77)
]]>
    </error>
  </testcase> <!-- clOse -->
  <system-out/>
  <testcase classname="testscript.Stage_web_aurofit_MAINPAGE" name="setUp" time="79.497">
    <error message="no such window: target window already closed
from unknown error: web view not found
  (Session info: chrome=90.0.4430.93)
Build info: version: &#039;3.141.59&#039;, revision: &#039;e82be7d358&#039;, time: &#039;2018-11-14T08:17:03&#039;
System info: host: &#039;DESKTOP-1819MVE&#039;, ip: &#039;192.168.1.5&#039;, os.name: &#039;Windows 10&#039;, os.arch: &#039;amd64&#039;, os.version: &#039;10.0&#039;, java.version: &#039;15.0.2&#039;
Driver info: org.openqa.selenium.chrome.ChromeDriver
Capabilities {acceptInsecureCerts: false, browserName: chrome, browserVersion: 90.0.4430.93, chrome: {chromedriverVersion: 90.0.4430.24 (4c6d850f087da..., userDataDir: C:\Users\dell\AppData\Local...}, goog:chromeOptions: {debuggerAddress: localhost:63620}, javascriptEnabled: true, networkConnectionEnabled: false, pageLoadStrategy: normal, platform: WINDOWS, platformName: WINDOWS, proxy: Proxy(), setWindowRect: true, strictFileInteractability: false, timeouts: {implicit: 0, pageLoad: 300000, script: 30000}, unhandledPromptBehavior: dismiss and notify, webauthn:extension:largeBlob: true, webauthn:virtualAuthenticators: true}
Session ID: 437a46fd7c52874c67d214e7426b0c64" type="org.openqa.selenium.NoSuchWindowException">
      <![CDATA[org.openqa.selenium.NoSuchWindowException: no such window: target window already closed
from unknown error: web view not found
  (Session info: chrome=90.0.4430.93)
Build info: version: '3.141.59', revision: 'e82be7d358', time: '2018-11-14T08:17:03'
System info: host: 'DESKTOP-1819MVE', ip: '192.168.1.5', os.name: 'Windows 10', os.arch: 'amd64', os.version: '10.0', java.version: '15.0.2'
Driver info: org.openqa.selenium.chrome.ChromeDriver
Capabilities {acceptInsecureCerts: false, browserName: chrome, browserVersion: 90.0.4430.93, chrome: {chromedriverVersion: 90.0.4430.24 (4c6d850f087da..., userDataDir: C:\Users\dell\AppData\Local...}, goog:chromeOptions: {debuggerAddress: localhost:63620}, javascriptEnabled: true, networkConnectionEnabled: false, pageLoadStrategy: normal, platform: WINDOWS, platformName: WINDOWS, proxy: Proxy(), setWindowRect: true, strictFileInteractability: false, timeouts: {implicit: 0, pageLoad: 300000, script: 30000}, unhandledPromptBehavior: dismiss and notify, webauthn:extension:largeBlob: true, webauthn:virtualAuthenticators: true}
Session ID: 437a46fd7c52874c67d214e7426b0c64
at java.base/jdk.internal.reflect.NativeConstructorAccessorImpl.newInstance0(Native Method)
at java.base/jdk.internal.reflect.NativeConstructorAccessorImpl.newInstance(NativeConstructorAccessorImpl.java:64)
at java.base/jdk.internal.reflect.DelegatingConstructorAccessorImpl.newInstance(DelegatingConstructorAccessorImpl.java:45)
at java.base/java.lang.reflect.Constructor.newInstanceWithCaller(Constructor.java:500)
at java.base/java.lang.reflect.Constructor.newInstance(Constructor.java:481)
at org.openqa.selenium.remote.http.W3CHttpResponseCodec.createException(W3CHttpResponseCodec.java:187)
at org.openqa.selenium.remote.http.W3CHttpResponseCodec.decode(W3CHttpResponseCodec.java:122)
at org.openqa.selenium.remote.http.W3CHttpResponseCodec.decode(W3CHttpResponseCodec.java:49)
at org.openqa.selenium.remote.HttpCommandExecutor.execute(HttpCommandExecutor.java:158)
at org.openqa.selenium.remote.service.DriverCommandExecutor.execute(DriverCommandExecutor.java:83)
at org.openqa.selenium.remote.RemoteWebDriver.execute(RemoteWebDriver.java:552)
at org.openqa.selenium.remote.RemoteWebDriver.execute(RemoteWebDriver.java:609)
at org.openqa.selenium.remote.RemoteWebDriver$RemoteWebDriverOptions$RemoteWindow.maximize(RemoteWebDriver.java:837)
at generic.Precondition.setUp(Precondition.java:137)
at java.base/jdk.internal.reflect.NativeMethodAccessorImpl.invoke0(Native Method)
at java.base/jdk.internal.reflect.NativeMethodAccessorImpl.invoke(NativeMethodAccessorImpl.java:64)
at java.base/jdk.internal.reflect.DelegatingMethodAccessorImpl.invoke(DelegatingMethodAccessorImpl.java:43)
at java.base/java.lang.reflect.Method.invoke(Method.java:564)
at org.testng.internal.MethodInvocationHelper.invokeMethod(MethodInvocationHelper.java:132)
at org.testng.internal.MethodInvocationHelper.invokeMethodConsideringTimeout(MethodInvocationHelper.java:61)
at org.testng.internal.ConfigInvoker.invokeConfigurationMethod(ConfigInvoker.java:366)
at org.testng.internal.ConfigInvoker.invokeConfigurations(ConfigInvoker.java:320)
at org.testng.internal.TestInvoker.runConfigMethods(TestInvoker.java:701)
at org.testng.internal.TestInvoker.invokeMethod(TestInvoker.java:527)
at org.testng.internal.TestInvoker.invokeTestMethod(TestInvoker.java:174)
at org.testng.internal.MethodRunner.runInSequence(MethodRunner.java:46)
at org.testng.internal.TestInvoker$MethodInvocationAgent.invoke(TestInvoker.java:822)
at org.testng.internal.TestInvoker.invokeTestMethods(TestInvoker.java:147)
at org.testng.internal.TestMethodWorker.invokeTestMethods(TestMethodWorker.java:146)
at org.testng.internal.TestMethodWorker.run(TestMethodWorker.java:128)
at java.base/java.util.ArrayList.forEach(ArrayList.java:1511)
at org.testng.TestRunner.privateRun(TestRunner.java:764)
at org.testng.TestRunner.run(TestRunner.java:585)
at org.testng.SuiteRunner.runTest(SuiteRunner.java:384)
at org.testng.SuiteRunner.runSequentially(SuiteRunner.java:378)
at org.testng.SuiteRunner.privateRun(SuiteRunner.java:337)
at org.testng.SuiteRunner.run(SuiteRunner.java:286)
at org.testng.SuiteRunnerWorker.runSuite(SuiteRunnerWorker.java:53)
at org.testng.SuiteRunnerWorker.run(SuiteRunnerWorker.java:96)
at org.testng.TestNG.runSuitesSequentially(TestNG.java:1218)
at org.testng.TestNG.runSuitesLocally(TestNG.java:1140)
at org.testng.TestNG.runSuites(TestNG.java:1069)
at org.testng.TestNG.run(TestNG.java:1037)
at org.testng.remote.AbstractRemoteTestNG.run(AbstractRemoteTestNG.java:115)
at org.testng.remote.RemoteTestNG.initAndRun(RemoteTestNG.java:251)
at org.testng.remote.RemoteTestNG.main(RemoteTestNG.java:77)
]]>
    </error>
  </testcase> <!-- setUp -->
  <system-out/>
  <testcase classname="testscript.Stage_web_aurofit_MAINPAGE" name="stage_web_aurofit_MAINPAGE_SignUp_enterCouponcode_Checkout_Subscribe" time="0.000">
    <skipped/>
  </testcase> <!-- stage_web_aurofit_MAINPAGE_SignUp_enterCouponcode_Checkout_Subscribe -->
  <system-out/>
  <testcase classname="testscript.Stage_web_aurofit_MAINPAGE" name="stage_web_aurofit_MAINPAGE_SignUp_with_Already_Registed_Email" time="0.000">
    <skipped/>
  </testcase> <!-- stage_web_aurofit_MAINPAGE_SignUp_with_Already_Registed_Email -->
  <system-out/>
  <testcase classname="testscript.Stage_web_aurofit_MAINPAGE" name="stage_web_aurofit_MAIN_PAGE_Login_With_Valid_Credentials" time="0.000">
    <skipped/>
  </testcase> <!-- stage_web_aurofit_MAIN_PAGE_Login_With_Valid_Credentials -->
  <system-out/>
  <testcase classname="testscript.Stage_web_aurofit_MAINPAGE" name="stage_web_aurofit_MAIN_PAGE_LOGIN_VALID_EMAIL_INVALID_PASSWORD" time="0.000">
    <skipped/>
  </testcase> <!-- stage_web_aurofit_MAIN_PAGE_LOGIN_VALID_EMAIL_INVALID_PASSWORD -->
  <system-out/>
  <testcase classname="testscript.Stage_web_aurofit_MAINPAGE" name="stage_web_aurofit_MAIN_PAGE_LOGIN_INVALID_EMAIL__VALIDPASSWORD" time="0.000">
    <skipped/>
  </testcase> <!-- stage_web_aurofit_MAIN_PAGE_LOGIN_INVALID_EMAIL__VALIDPASSWORD -->
  <system-out/>
  <testcase classname="testscript.Stage_web_aurofit_MAINPAGE" name="stage_web_aurofit_MAIN_PAGE_LOGIN_UNREGISTEREDMAIL" time="0.000">
    <skipped/>
  </testcase> <!-- stage_web_aurofit_MAIN_PAGE_LOGIN_UNREGISTEREDMAIL -->
  <system-out/>
  <testcase classname="testscript.Stage_web_aurofit_MAINPAGE" name="stage_web_aurofit_MAIN_PAGE_Dothe_Payment_Entering_Expired_Card_Credentials" time="0.000">
    <skipped/>
  </testcase> <!-- stage_web_aurofit_MAIN_PAGE_Dothe_Payment_Entering_Expired_Card_Credentials -->
  <system-out/>
  <testcase classname="testscript.Stage_web_aurofit_MAINPAGE" name="stage_web_aurofit_MAIN_PAGE_Dothe_Payment_Entering_Credentials_Incorrect_Security_Code" time="0.000">
    <skipped/>
  </testcase> <!-- stage_web_aurofit_MAIN_PAGE_Dothe_Payment_Entering_Credentials_Incorrect_Security_Code -->
  <system-out/>
  <testcase classname="testscript.Stage_web_aurofit_MAINPAGE" name="stage_web_aurofit_MAIN_PAGE_Dothe_Payment_Entering_Credentials_Error_while_processing_the_card" time="0.000">
    <skipped/>
  </testcase> <!-- stage_web_aurofit_MAIN_PAGE_Dothe_Payment_Entering_Credentials_Error_while_processing_the_card -->
  <system-out/>
  <testcase classname="testscript.Stage_web_aurofit_MAINPAGE" name="stage_web_aurofit_MAIN_PAGE_Dothe_Payment_Entering_Credentials_Invalid_CardNumber_ErrorMessage" time="0.000">
    <skipped/>
  </testcase> <!-- stage_web_aurofit_MAIN_PAGE_Dothe_Payment_Entering_Credentials_Invalid_CardNumber_ErrorMessage -->
  <system-out/>
  <testcase classname="testscript.Stage_web_aurofit_MAINPAGE" name="stage_web_aurofit_MAIN_PAGE_LoseWeight_Beginner_Spin_Availoffer_Dothe_Payment_Entering_IncompleteCardNumber_Verify_ErrorMessage" time="0.001">
    <skipped/>
  </testcase> <!-- stage_web_aurofit_MAIN_PAGE_LoseWeight_Beginner_Spin_Availoffer_Dothe_Payment_Entering_IncompleteCardNumber_Verify_ErrorMessage -->
  <system-out/>
  <testcase classname="testscript.Stage_web_aurofit_MAINPAGE" name="stage_web_aurofit_MAIN_PAGE_Dothe_Payment_Incomplete_ExpiryDate_verifyErrorMessage" time="0.000">
    <skipped/>
  </testcase> <!-- stage_web_aurofit_MAIN_PAGE_Dothe_Payment_Incomplete_ExpiryDate_verifyErrorMessage -->
  <system-out/>
  <testcase classname="testscript.Stage_web_aurofit_MAINPAGE" name="stage_web_aurofit_MAIN_PAGE_LoseWeight_Beginner_Spin_Availoffer_Dothe_Payment_Incomplete_CvC_Code_verifyErrorMessage" time="0.000">
    <skipped/>
  </testcase> <!-- stage_web_aurofit_MAIN_PAGE_LoseWeight_Beginner_Spin_Availoffer_Dothe_Payment_Incomplete_CvC_Code_verifyErrorMessage -->
  <system-out/>
</testsuite> <!-- testscript.Stage_web_aurofit_MAINPAGE -->
